[2024-05-13T13:19:34.572+0000] {processor.py:161} INFO - Started process (PID=54) to work on /opt/airflow/dags/create_table.py
[2024-05-13T13:19:34.574+0000] {processor.py:830} INFO - Processing file /opt/airflow/dags/create_table.py for tasks to queue
[2024-05-13T13:19:34.578+0000] {logging_mixin.py:188} INFO - [2024-05-13T13:19:34.577+0000] {dagbag.py:540} INFO - Filling up the DagBag from /opt/airflow/dags/create_table.py
[2024-05-13T13:19:35.458+0000] {processor.py:840} INFO - DAG(s) 'example' retrieved from /opt/airflow/dags/create_table.py
[2024-05-13T13:19:35.481+0000] {logging_mixin.py:188} INFO - [2024-05-13T13:19:35.481+0000] {dag.py:3096} INFO - Sync 1 DAGs
[2024-05-13T13:19:35.495+0000] {logging_mixin.py:188} INFO - [2024-05-13T13:19:35.494+0000] {dag.py:3954} INFO - Setting next_dagrun for example to None, run_after=None
[2024-05-13T13:19:35.597+0000] {processor.py:183} INFO - Processing /opt/airflow/dags/create_table.py took 1.034 seconds
[2024-05-13T13:20:05.993+0000] {processor.py:161} INFO - Started process (PID=68) to work on /opt/airflow/dags/create_table.py
[2024-05-13T13:20:05.994+0000] {processor.py:830} INFO - Processing file /opt/airflow/dags/create_table.py for tasks to queue
[2024-05-13T13:20:05.997+0000] {logging_mixin.py:188} INFO - [2024-05-13T13:20:05.997+0000] {dagbag.py:540} INFO - Filling up the DagBag from /opt/airflow/dags/create_table.py
[2024-05-13T13:20:06.875+0000] {processor.py:840} INFO - DAG(s) 'example' retrieved from /opt/airflow/dags/create_table.py
[2024-05-13T13:20:06.898+0000] {logging_mixin.py:188} INFO - [2024-05-13T13:20:06.898+0000] {dag.py:3096} INFO - Sync 1 DAGs
[2024-05-13T13:20:06.912+0000] {logging_mixin.py:188} INFO - [2024-05-13T13:20:06.912+0000] {dag.py:3954} INFO - Setting next_dagrun for example to None, run_after=None
[2024-05-13T13:20:06.961+0000] {processor.py:183} INFO - Processing /opt/airflow/dags/create_table.py took 0.976 seconds
[2024-05-13T13:20:37.080+0000] {processor.py:161} INFO - Started process (PID=82) to work on /opt/airflow/dags/create_table.py
[2024-05-13T13:20:37.081+0000] {processor.py:830} INFO - Processing file /opt/airflow/dags/create_table.py for tasks to queue
[2024-05-13T13:20:37.084+0000] {logging_mixin.py:188} INFO - [2024-05-13T13:20:37.083+0000] {dagbag.py:540} INFO - Filling up the DagBag from /opt/airflow/dags/create_table.py
[2024-05-13T13:20:37.951+0000] {processor.py:840} INFO - DAG(s) 'example' retrieved from /opt/airflow/dags/create_table.py
[2024-05-13T13:20:37.976+0000] {logging_mixin.py:188} INFO - [2024-05-13T13:20:37.975+0000] {dag.py:3096} INFO - Sync 1 DAGs
[2024-05-13T13:20:37.989+0000] {logging_mixin.py:188} INFO - [2024-05-13T13:20:37.989+0000] {dag.py:3954} INFO - Setting next_dagrun for example to None, run_after=None
[2024-05-13T13:20:38.026+0000] {processor.py:183} INFO - Processing /opt/airflow/dags/create_table.py took 0.955 seconds
[2024-05-13T13:21:08.100+0000] {processor.py:161} INFO - Started process (PID=96) to work on /opt/airflow/dags/create_table.py
[2024-05-13T13:21:08.101+0000] {processor.py:830} INFO - Processing file /opt/airflow/dags/create_table.py for tasks to queue
[2024-05-13T13:21:08.105+0000] {logging_mixin.py:188} INFO - [2024-05-13T13:21:08.105+0000] {dagbag.py:540} INFO - Filling up the DagBag from /opt/airflow/dags/create_table.py
[2024-05-13T13:21:09.288+0000] {processor.py:840} INFO - DAG(s) 'example' retrieved from /opt/airflow/dags/create_table.py
[2024-05-13T13:21:09.330+0000] {logging_mixin.py:188} INFO - [2024-05-13T13:21:09.328+0000] {dag.py:3096} INFO - Sync 1 DAGs
[2024-05-13T13:21:09.351+0000] {logging_mixin.py:188} INFO - [2024-05-13T13:21:09.350+0000] {dag.py:3954} INFO - Setting next_dagrun for example to None, run_after=None
[2024-05-13T13:21:09.443+0000] {processor.py:183} INFO - Processing /opt/airflow/dags/create_table.py took 1.355 seconds
[2024-05-13T13:21:39.492+0000] {processor.py:161} INFO - Started process (PID=111) to work on /opt/airflow/dags/create_table.py
[2024-05-13T13:21:39.493+0000] {processor.py:830} INFO - Processing file /opt/airflow/dags/create_table.py for tasks to queue
[2024-05-13T13:21:39.497+0000] {logging_mixin.py:188} INFO - [2024-05-13T13:21:39.496+0000] {dagbag.py:540} INFO - Filling up the DagBag from /opt/airflow/dags/create_table.py
[2024-05-13T13:21:40.406+0000] {processor.py:840} INFO - DAG(s) 'example' retrieved from /opt/airflow/dags/create_table.py
[2024-05-13T13:21:40.430+0000] {logging_mixin.py:188} INFO - [2024-05-13T13:21:40.429+0000] {dag.py:3096} INFO - Sync 1 DAGs
[2024-05-13T13:21:40.443+0000] {logging_mixin.py:188} INFO - [2024-05-13T13:21:40.443+0000] {dag.py:3954} INFO - Setting next_dagrun for example to None, run_after=None
[2024-05-13T13:21:40.477+0000] {processor.py:183} INFO - Processing /opt/airflow/dags/create_table.py took 0.992 seconds
[2024-05-13T13:22:10.832+0000] {processor.py:161} INFO - Started process (PID=132) to work on /opt/airflow/dags/create_table.py
[2024-05-13T13:22:10.833+0000] {processor.py:830} INFO - Processing file /opt/airflow/dags/create_table.py for tasks to queue
[2024-05-13T13:22:10.836+0000] {logging_mixin.py:188} INFO - [2024-05-13T13:22:10.835+0000] {dagbag.py:540} INFO - Filling up the DagBag from /opt/airflow/dags/create_table.py
[2024-05-13T13:22:11.668+0000] {processor.py:840} INFO - DAG(s) 'example' retrieved from /opt/airflow/dags/create_table.py
[2024-05-13T13:22:11.692+0000] {logging_mixin.py:188} INFO - [2024-05-13T13:22:11.691+0000] {dag.py:3096} INFO - Sync 1 DAGs
[2024-05-13T13:22:11.705+0000] {logging_mixin.py:188} INFO - [2024-05-13T13:22:11.704+0000] {dag.py:3954} INFO - Setting next_dagrun for example to None, run_after=None
[2024-05-13T13:22:11.801+0000] {processor.py:183} INFO - Processing /opt/airflow/dags/create_table.py took 0.977 seconds
[2024-05-13T13:22:42.002+0000] {processor.py:161} INFO - Started process (PID=147) to work on /opt/airflow/dags/create_table.py
[2024-05-13T13:22:42.003+0000] {processor.py:830} INFO - Processing file /opt/airflow/dags/create_table.py for tasks to queue
[2024-05-13T13:22:42.005+0000] {logging_mixin.py:188} INFO - [2024-05-13T13:22:42.005+0000] {dagbag.py:540} INFO - Filling up the DagBag from /opt/airflow/dags/create_table.py
[2024-05-13T13:22:42.839+0000] {processor.py:840} INFO - DAG(s) 'example' retrieved from /opt/airflow/dags/create_table.py
[2024-05-13T13:22:42.860+0000] {logging_mixin.py:188} INFO - [2024-05-13T13:22:42.860+0000] {dag.py:3096} INFO - Sync 1 DAGs
[2024-05-13T13:22:42.872+0000] {logging_mixin.py:188} INFO - [2024-05-13T13:22:42.872+0000] {dag.py:3954} INFO - Setting next_dagrun for example to None, run_after=None
[2024-05-13T13:22:42.917+0000] {processor.py:183} INFO - Processing /opt/airflow/dags/create_table.py took 0.923 seconds
[2024-05-13T13:23:13.349+0000] {processor.py:161} INFO - Started process (PID=162) to work on /opt/airflow/dags/create_table.py
[2024-05-13T13:23:13.351+0000] {processor.py:830} INFO - Processing file /opt/airflow/dags/create_table.py for tasks to queue
[2024-05-13T13:23:13.353+0000] {logging_mixin.py:188} INFO - [2024-05-13T13:23:13.353+0000] {dagbag.py:540} INFO - Filling up the DagBag from /opt/airflow/dags/create_table.py
[2024-05-13T13:23:14.201+0000] {processor.py:840} INFO - DAG(s) 'example' retrieved from /opt/airflow/dags/create_table.py
[2024-05-13T13:23:14.226+0000] {logging_mixin.py:188} INFO - [2024-05-13T13:23:14.225+0000] {dag.py:3096} INFO - Sync 1 DAGs
[2024-05-13T13:23:14.240+0000] {logging_mixin.py:188} INFO - [2024-05-13T13:23:14.240+0000] {dag.py:3954} INFO - Setting next_dagrun for example to None, run_after=None
[2024-05-13T13:23:14.312+0000] {processor.py:183} INFO - Processing /opt/airflow/dags/create_table.py took 0.972 seconds
[2024-05-13T13:23:44.502+0000] {processor.py:161} INFO - Started process (PID=177) to work on /opt/airflow/dags/create_table.py
[2024-05-13T13:23:44.503+0000] {processor.py:830} INFO - Processing file /opt/airflow/dags/create_table.py for tasks to queue
[2024-05-13T13:23:44.506+0000] {logging_mixin.py:188} INFO - [2024-05-13T13:23:44.505+0000] {dagbag.py:540} INFO - Filling up the DagBag from /opt/airflow/dags/create_table.py
[2024-05-13T13:23:45.360+0000] {processor.py:840} INFO - DAG(s) 'example' retrieved from /opt/airflow/dags/create_table.py
[2024-05-13T13:23:45.383+0000] {logging_mixin.py:188} INFO - [2024-05-13T13:23:45.383+0000] {dag.py:3096} INFO - Sync 1 DAGs
[2024-05-13T13:23:45.397+0000] {logging_mixin.py:188} INFO - [2024-05-13T13:23:45.397+0000] {dag.py:3954} INFO - Setting next_dagrun for example to None, run_after=None
[2024-05-13T13:23:45.460+0000] {processor.py:183} INFO - Processing /opt/airflow/dags/create_table.py took 0.966 seconds
[2024-05-13T13:24:15.696+0000] {processor.py:161} INFO - Started process (PID=192) to work on /opt/airflow/dags/create_table.py
[2024-05-13T13:24:15.697+0000] {processor.py:830} INFO - Processing file /opt/airflow/dags/create_table.py for tasks to queue
[2024-05-13T13:24:15.700+0000] {logging_mixin.py:188} INFO - [2024-05-13T13:24:15.700+0000] {dagbag.py:540} INFO - Filling up the DagBag from /opt/airflow/dags/create_table.py
[2024-05-13T13:24:16.633+0000] {processor.py:840} INFO - DAG(s) 'example' retrieved from /opt/airflow/dags/create_table.py
[2024-05-13T13:24:16.658+0000] {logging_mixin.py:188} INFO - [2024-05-13T13:24:16.658+0000] {dag.py:3096} INFO - Sync 1 DAGs
[2024-05-13T13:24:16.671+0000] {logging_mixin.py:188} INFO - [2024-05-13T13:24:16.671+0000] {dag.py:3954} INFO - Setting next_dagrun for example to None, run_after=None
[2024-05-13T13:24:16.803+0000] {processor.py:183} INFO - Processing /opt/airflow/dags/create_table.py took 1.114 seconds
[2024-05-13T13:24:46.913+0000] {processor.py:161} INFO - Started process (PID=207) to work on /opt/airflow/dags/create_table.py
[2024-05-13T13:24:46.915+0000] {processor.py:830} INFO - Processing file /opt/airflow/dags/create_table.py for tasks to queue
[2024-05-13T13:24:46.918+0000] {logging_mixin.py:188} INFO - [2024-05-13T13:24:46.917+0000] {dagbag.py:540} INFO - Filling up the DagBag from /opt/airflow/dags/create_table.py
[2024-05-13T13:24:47.823+0000] {processor.py:840} INFO - DAG(s) 'example' retrieved from /opt/airflow/dags/create_table.py
[2024-05-13T13:24:47.845+0000] {logging_mixin.py:188} INFO - [2024-05-13T13:24:47.844+0000] {dag.py:3096} INFO - Sync 1 DAGs
[2024-05-13T13:24:47.857+0000] {logging_mixin.py:188} INFO - [2024-05-13T13:24:47.857+0000] {dag.py:3954} INFO - Setting next_dagrun for example to None, run_after=None
[2024-05-13T13:24:48.203+0000] {processor.py:183} INFO - Processing /opt/airflow/dags/create_table.py took 1.303 seconds
[2024-05-13T13:25:19.129+0000] {processor.py:161} INFO - Started process (PID=222) to work on /opt/airflow/dags/create_table.py
[2024-05-13T13:25:19.130+0000] {processor.py:830} INFO - Processing file /opt/airflow/dags/create_table.py for tasks to queue
[2024-05-13T13:25:19.132+0000] {logging_mixin.py:188} INFO - [2024-05-13T13:25:19.132+0000] {dagbag.py:540} INFO - Filling up the DagBag from /opt/airflow/dags/create_table.py
[2024-05-13T13:25:20.202+0000] {processor.py:840} INFO - DAG(s) 'example' retrieved from /opt/airflow/dags/create_table.py
[2024-05-13T13:25:20.229+0000] {logging_mixin.py:188} INFO - [2024-05-13T13:25:20.228+0000] {dag.py:3096} INFO - Sync 1 DAGs
[2024-05-13T13:25:20.243+0000] {logging_mixin.py:188} INFO - [2024-05-13T13:25:20.243+0000] {dag.py:3954} INFO - Setting next_dagrun for example to None, run_after=None
[2024-05-13T13:25:21.996+0000] {processor.py:183} INFO - Processing /opt/airflow/dags/create_table.py took 2.876 seconds
[2024-05-13T13:25:52.126+0000] {processor.py:161} INFO - Started process (PID=237) to work on /opt/airflow/dags/create_table.py
[2024-05-13T13:25:52.127+0000] {processor.py:830} INFO - Processing file /opt/airflow/dags/create_table.py for tasks to queue
[2024-05-13T13:25:52.130+0000] {logging_mixin.py:188} INFO - [2024-05-13T13:25:52.130+0000] {dagbag.py:540} INFO - Filling up the DagBag from /opt/airflow/dags/create_table.py
[2024-05-13T13:25:53.051+0000] {processor.py:840} INFO - DAG(s) 'example' retrieved from /opt/airflow/dags/create_table.py
[2024-05-13T13:25:53.080+0000] {logging_mixin.py:188} INFO - [2024-05-13T13:25:53.079+0000] {dag.py:3096} INFO - Sync 1 DAGs
[2024-05-13T13:25:53.097+0000] {logging_mixin.py:188} INFO - [2024-05-13T13:25:53.097+0000] {dag.py:3954} INFO - Setting next_dagrun for example to None, run_after=None
[2024-05-13T13:25:53.531+0000] {processor.py:183} INFO - Processing /opt/airflow/dags/create_table.py took 1.412 seconds
[2024-05-13T13:26:23.609+0000] {processor.py:161} INFO - Started process (PID=252) to work on /opt/airflow/dags/create_table.py
[2024-05-13T13:26:23.611+0000] {processor.py:830} INFO - Processing file /opt/airflow/dags/create_table.py for tasks to queue
[2024-05-13T13:26:23.613+0000] {logging_mixin.py:188} INFO - [2024-05-13T13:26:23.613+0000] {dagbag.py:540} INFO - Filling up the DagBag from /opt/airflow/dags/create_table.py
[2024-05-13T13:26:24.467+0000] {processor.py:840} INFO - DAG(s) 'example' retrieved from /opt/airflow/dags/create_table.py
[2024-05-13T13:26:24.490+0000] {logging_mixin.py:188} INFO - [2024-05-13T13:26:24.490+0000] {dag.py:3096} INFO - Sync 1 DAGs
[2024-05-13T13:26:24.505+0000] {logging_mixin.py:188} INFO - [2024-05-13T13:26:24.504+0000] {dag.py:3954} INFO - Setting next_dagrun for example to None, run_after=None
[2024-05-13T13:26:24.900+0000] {processor.py:183} INFO - Processing /opt/airflow/dags/create_table.py took 1.299 seconds
[2024-05-13T13:26:55.238+0000] {processor.py:161} INFO - Started process (PID=267) to work on /opt/airflow/dags/create_table.py
[2024-05-13T13:26:55.240+0000] {processor.py:830} INFO - Processing file /opt/airflow/dags/create_table.py for tasks to queue
[2024-05-13T13:26:55.242+0000] {logging_mixin.py:188} INFO - [2024-05-13T13:26:55.242+0000] {dagbag.py:540} INFO - Filling up the DagBag from /opt/airflow/dags/create_table.py
[2024-05-13T13:26:56.078+0000] {processor.py:840} INFO - DAG(s) 'example' retrieved from /opt/airflow/dags/create_table.py
[2024-05-13T13:26:56.100+0000] {logging_mixin.py:188} INFO - [2024-05-13T13:26:56.100+0000] {dag.py:3096} INFO - Sync 1 DAGs
[2024-05-13T13:26:56.114+0000] {logging_mixin.py:188} INFO - [2024-05-13T13:26:56.113+0000] {dag.py:3954} INFO - Setting next_dagrun for example to None, run_after=None
[2024-05-13T13:26:56.481+0000] {processor.py:183} INFO - Processing /opt/airflow/dags/create_table.py took 1.251 seconds
[2024-05-13T13:27:26.796+0000] {processor.py:161} INFO - Started process (PID=282) to work on /opt/airflow/dags/create_table.py
[2024-05-13T13:27:26.798+0000] {processor.py:830} INFO - Processing file /opt/airflow/dags/create_table.py for tasks to queue
[2024-05-13T13:27:26.801+0000] {logging_mixin.py:188} INFO - [2024-05-13T13:27:26.800+0000] {dagbag.py:540} INFO - Filling up the DagBag from /opt/airflow/dags/create_table.py
[2024-05-13T13:27:27.712+0000] {processor.py:840} INFO - DAG(s) 'example' retrieved from /opt/airflow/dags/create_table.py
[2024-05-13T13:27:27.737+0000] {logging_mixin.py:188} INFO - [2024-05-13T13:27:27.737+0000] {dag.py:3096} INFO - Sync 1 DAGs
[2024-05-13T13:27:27.751+0000] {logging_mixin.py:188} INFO - [2024-05-13T13:27:27.751+0000] {dag.py:3954} INFO - Setting next_dagrun for example to None, run_after=None
[2024-05-13T13:27:27.947+0000] {processor.py:183} INFO - Processing /opt/airflow/dags/create_table.py took 1.160 seconds
[2024-05-13T13:27:58.213+0000] {processor.py:161} INFO - Started process (PID=297) to work on /opt/airflow/dags/create_table.py
[2024-05-13T13:27:58.215+0000] {processor.py:830} INFO - Processing file /opt/airflow/dags/create_table.py for tasks to queue
[2024-05-13T13:27:58.217+0000] {logging_mixin.py:188} INFO - [2024-05-13T13:27:58.217+0000] {dagbag.py:540} INFO - Filling up the DagBag from /opt/airflow/dags/create_table.py
[2024-05-13T13:27:59.125+0000] {processor.py:840} INFO - DAG(s) 'example' retrieved from /opt/airflow/dags/create_table.py
[2024-05-13T13:27:59.149+0000] {logging_mixin.py:188} INFO - [2024-05-13T13:27:59.148+0000] {dag.py:3096} INFO - Sync 1 DAGs
[2024-05-13T13:27:59.163+0000] {logging_mixin.py:188} INFO - [2024-05-13T13:27:59.162+0000] {dag.py:3954} INFO - Setting next_dagrun for example to None, run_after=None
[2024-05-13T13:27:59.421+0000] {processor.py:183} INFO - Processing /opt/airflow/dags/create_table.py took 1.215 seconds
[2024-05-13T13:28:29.903+0000] {processor.py:161} INFO - Started process (PID=312) to work on /opt/airflow/dags/create_table.py
[2024-05-13T13:28:29.905+0000] {processor.py:830} INFO - Processing file /opt/airflow/dags/create_table.py for tasks to queue
[2024-05-13T13:28:29.908+0000] {logging_mixin.py:188} INFO - [2024-05-13T13:28:29.907+0000] {dagbag.py:540} INFO - Filling up the DagBag from /opt/airflow/dags/create_table.py
[2024-05-13T13:28:30.929+0000] {processor.py:840} INFO - DAG(s) 'example' retrieved from /opt/airflow/dags/create_table.py
[2024-05-13T13:28:30.968+0000] {logging_mixin.py:188} INFO - [2024-05-13T13:28:30.968+0000] {dag.py:3096} INFO - Sync 1 DAGs
[2024-05-13T13:28:30.983+0000] {logging_mixin.py:188} INFO - [2024-05-13T13:28:30.982+0000] {dag.py:3954} INFO - Setting next_dagrun for example to None, run_after=None
[2024-05-13T13:28:31.119+0000] {processor.py:183} INFO - Processing /opt/airflow/dags/create_table.py took 1.235 seconds
[2024-05-13T13:29:01.406+0000] {processor.py:161} INFO - Started process (PID=327) to work on /opt/airflow/dags/create_table.py
[2024-05-13T13:29:01.408+0000] {processor.py:830} INFO - Processing file /opt/airflow/dags/create_table.py for tasks to queue
[2024-05-13T13:29:01.412+0000] {logging_mixin.py:188} INFO - [2024-05-13T13:29:01.411+0000] {dagbag.py:540} INFO - Filling up the DagBag from /opt/airflow/dags/create_table.py
[2024-05-13T13:29:02.499+0000] {processor.py:840} INFO - DAG(s) 'example' retrieved from /opt/airflow/dags/create_table.py
[2024-05-13T13:29:02.528+0000] {logging_mixin.py:188} INFO - [2024-05-13T13:29:02.528+0000] {dag.py:3096} INFO - Sync 1 DAGs
[2024-05-13T13:29:02.543+0000] {logging_mixin.py:188} INFO - [2024-05-13T13:29:02.542+0000] {dag.py:3954} INFO - Setting next_dagrun for example to None, run_after=None
[2024-05-13T13:29:02.716+0000] {processor.py:183} INFO - Processing /opt/airflow/dags/create_table.py took 1.324 seconds
