[2024-05-13T13:19:12.184+0000] {processor.py:161} INFO - Started process (PID=49) to work on /opt/airflow/dags/crud_table.py
[2024-05-13T13:19:12.185+0000] {processor.py:830} INFO - Processing file /opt/airflow/dags/crud_table.py for tasks to queue
[2024-05-13T13:19:12.188+0000] {logging_mixin.py:188} INFO - [2024-05-13T13:19:12.188+0000] {dagbag.py:540} INFO - Filling up the DagBag from /opt/airflow/dags/crud_table.py
[2024-05-13T13:19:34.241+0000] {processor.py:840} INFO - DAG(s) 'snowflake_crud_example' retrieved from /opt/airflow/dags/crud_table.py
[2024-05-13T13:19:34.331+0000] {logging_mixin.py:188} INFO - [2024-05-13T13:19:34.330+0000] {dag.py:3096} INFO - Sync 1 DAGs
[2024-05-13T13:19:34.411+0000] {logging_mixin.py:188} INFO - [2024-05-13T13:19:34.411+0000] {dag.py:3954} INFO - Setting next_dagrun for snowflake_crud_example to None, run_after=None
[2024-05-13T13:19:34.510+0000] {processor.py:183} INFO - Processing /opt/airflow/dags/crud_table.py took 22.337 seconds
[2024-05-13T13:20:04.870+0000] {processor.py:161} INFO - Started process (PID=64) to work on /opt/airflow/dags/crud_table.py
[2024-05-13T13:20:04.871+0000] {processor.py:830} INFO - Processing file /opt/airflow/dags/crud_table.py for tasks to queue
[2024-05-13T13:20:04.873+0000] {logging_mixin.py:188} INFO - [2024-05-13T13:20:04.873+0000] {dagbag.py:540} INFO - Filling up the DagBag from /opt/airflow/dags/crud_table.py
[2024-05-13T13:20:05.871+0000] {processor.py:840} INFO - DAG(s) 'snowflake_crud_example' retrieved from /opt/airflow/dags/crud_table.py
[2024-05-13T13:20:05.895+0000] {logging_mixin.py:188} INFO - [2024-05-13T13:20:05.895+0000] {dag.py:3096} INFO - Sync 1 DAGs
[2024-05-13T13:20:05.908+0000] {logging_mixin.py:188} INFO - [2024-05-13T13:20:05.907+0000] {dag.py:3954} INFO - Setting next_dagrun for snowflake_crud_example to None, run_after=None
[2024-05-13T13:20:05.953+0000] {processor.py:183} INFO - Processing /opt/airflow/dags/crud_table.py took 1.091 seconds
[2024-05-13T13:20:36.056+0000] {processor.py:161} INFO - Started process (PID=78) to work on /opt/airflow/dags/crud_table.py
[2024-05-13T13:20:36.057+0000] {processor.py:830} INFO - Processing file /opt/airflow/dags/crud_table.py for tasks to queue
[2024-05-13T13:20:36.059+0000] {logging_mixin.py:188} INFO - [2024-05-13T13:20:36.059+0000] {dagbag.py:540} INFO - Filling up the DagBag from /opt/airflow/dags/crud_table.py
[2024-05-13T13:20:36.935+0000] {processor.py:840} INFO - DAG(s) 'snowflake_crud_example' retrieved from /opt/airflow/dags/crud_table.py
[2024-05-13T13:20:36.959+0000] {logging_mixin.py:188} INFO - [2024-05-13T13:20:36.958+0000] {dag.py:3096} INFO - Sync 1 DAGs
[2024-05-13T13:20:36.972+0000] {logging_mixin.py:188} INFO - [2024-05-13T13:20:36.972+0000] {dag.py:3954} INFO - Setting next_dagrun for snowflake_crud_example to None, run_after=None
[2024-05-13T13:20:37.026+0000] {processor.py:183} INFO - Processing /opt/airflow/dags/crud_table.py took 0.978 seconds
[2024-05-13T13:21:07.082+0000] {processor.py:161} INFO - Started process (PID=93) to work on /opt/airflow/dags/crud_table.py
[2024-05-13T13:21:07.083+0000] {processor.py:830} INFO - Processing file /opt/airflow/dags/crud_table.py for tasks to queue
[2024-05-13T13:21:07.086+0000] {logging_mixin.py:188} INFO - [2024-05-13T13:21:07.085+0000] {dagbag.py:540} INFO - Filling up the DagBag from /opt/airflow/dags/crud_table.py
[2024-05-13T13:21:08.006+0000] {processor.py:840} INFO - DAG(s) 'snowflake_crud_example' retrieved from /opt/airflow/dags/crud_table.py
[2024-05-13T13:21:08.034+0000] {logging_mixin.py:188} INFO - [2024-05-13T13:21:08.034+0000] {dag.py:3096} INFO - Sync 1 DAGs
[2024-05-13T13:21:08.052+0000] {logging_mixin.py:188} INFO - [2024-05-13T13:21:08.051+0000] {dag.py:3954} INFO - Setting next_dagrun for snowflake_crud_example to None, run_after=None
[2024-05-13T13:21:08.091+0000] {processor.py:183} INFO - Processing /opt/airflow/dags/crud_table.py took 1.017 seconds
[2024-05-13T13:21:38.487+0000] {processor.py:161} INFO - Started process (PID=108) to work on /opt/airflow/dags/crud_table.py
[2024-05-13T13:21:38.489+0000] {processor.py:830} INFO - Processing file /opt/airflow/dags/crud_table.py for tasks to queue
[2024-05-13T13:21:38.492+0000] {logging_mixin.py:188} INFO - [2024-05-13T13:21:38.491+0000] {dagbag.py:540} INFO - Filling up the DagBag from /opt/airflow/dags/crud_table.py
[2024-05-13T13:21:39.452+0000] {processor.py:840} INFO - DAG(s) 'snowflake_crud_example' retrieved from /opt/airflow/dags/crud_table.py
[2024-05-13T13:21:39.477+0000] {logging_mixin.py:188} INFO - [2024-05-13T13:21:39.476+0000] {dag.py:3096} INFO - Sync 1 DAGs
[2024-05-13T13:21:39.494+0000] {logging_mixin.py:188} INFO - [2024-05-13T13:21:39.494+0000] {dag.py:3954} INFO - Setting next_dagrun for snowflake_crud_example to None, run_after=None
[2024-05-13T13:21:39.552+0000] {processor.py:183} INFO - Processing /opt/airflow/dags/crud_table.py took 1.072 seconds
[2024-05-13T13:22:09.823+0000] {processor.py:161} INFO - Started process (PID=129) to work on /opt/airflow/dags/crud_table.py
[2024-05-13T13:22:09.825+0000] {processor.py:830} INFO - Processing file /opt/airflow/dags/crud_table.py for tasks to queue
[2024-05-13T13:22:09.828+0000] {logging_mixin.py:188} INFO - [2024-05-13T13:22:09.827+0000] {dagbag.py:540} INFO - Filling up the DagBag from /opt/airflow/dags/crud_table.py
[2024-05-13T13:22:10.741+0000] {processor.py:840} INFO - DAG(s) 'snowflake_crud_example' retrieved from /opt/airflow/dags/crud_table.py
[2024-05-13T13:22:10.765+0000] {logging_mixin.py:188} INFO - [2024-05-13T13:22:10.764+0000] {dag.py:3096} INFO - Sync 1 DAGs
[2024-05-13T13:22:10.777+0000] {logging_mixin.py:188} INFO - [2024-05-13T13:22:10.777+0000] {dag.py:3954} INFO - Setting next_dagrun for snowflake_crud_example to None, run_after=None
[2024-05-13T13:22:10.896+0000] {processor.py:183} INFO - Processing /opt/airflow/dags/crud_table.py took 1.082 seconds
[2024-05-13T13:22:40.997+0000] {processor.py:161} INFO - Started process (PID=144) to work on /opt/airflow/dags/crud_table.py
[2024-05-13T13:22:40.999+0000] {processor.py:830} INFO - Processing file /opt/airflow/dags/crud_table.py for tasks to queue
[2024-05-13T13:22:41.002+0000] {logging_mixin.py:188} INFO - [2024-05-13T13:22:41.001+0000] {dagbag.py:540} INFO - Filling up the DagBag from /opt/airflow/dags/crud_table.py
[2024-05-13T13:22:41.969+0000] {processor.py:840} INFO - DAG(s) 'snowflake_crud_example' retrieved from /opt/airflow/dags/crud_table.py
[2024-05-13T13:22:41.995+0000] {logging_mixin.py:188} INFO - [2024-05-13T13:22:41.994+0000] {dag.py:3096} INFO - Sync 1 DAGs
[2024-05-13T13:22:42.012+0000] {logging_mixin.py:188} INFO - [2024-05-13T13:22:42.012+0000] {dag.py:3954} INFO - Setting next_dagrun for snowflake_crud_example to None, run_after=None
[2024-05-13T13:22:42.054+0000] {processor.py:183} INFO - Processing /opt/airflow/dags/crud_table.py took 1.068 seconds
[2024-05-13T13:23:12.330+0000] {processor.py:161} INFO - Started process (PID=159) to work on /opt/airflow/dags/crud_table.py
[2024-05-13T13:23:12.332+0000] {processor.py:830} INFO - Processing file /opt/airflow/dags/crud_table.py for tasks to queue
[2024-05-13T13:23:12.334+0000] {logging_mixin.py:188} INFO - [2024-05-13T13:23:12.334+0000] {dagbag.py:540} INFO - Filling up the DagBag from /opt/airflow/dags/crud_table.py
[2024-05-13T13:23:13.182+0000] {processor.py:840} INFO - DAG(s) 'snowflake_crud_example' retrieved from /opt/airflow/dags/crud_table.py
[2024-05-13T13:23:13.209+0000] {logging_mixin.py:188} INFO - [2024-05-13T13:23:13.208+0000] {dag.py:3096} INFO - Sync 1 DAGs
[2024-05-13T13:23:13.222+0000] {logging_mixin.py:188} INFO - [2024-05-13T13:23:13.222+0000] {dag.py:3954} INFO - Setting next_dagrun for snowflake_crud_example to None, run_after=None
[2024-05-13T13:23:13.315+0000] {processor.py:183} INFO - Processing /opt/airflow/dags/crud_table.py took 0.992 seconds
[2024-05-13T13:23:43.489+0000] {processor.py:161} INFO - Started process (PID=174) to work on /opt/airflow/dags/crud_table.py
[2024-05-13T13:23:43.491+0000] {processor.py:830} INFO - Processing file /opt/airflow/dags/crud_table.py for tasks to queue
[2024-05-13T13:23:43.493+0000] {logging_mixin.py:188} INFO - [2024-05-13T13:23:43.493+0000] {dagbag.py:540} INFO - Filling up the DagBag from /opt/airflow/dags/crud_table.py
[2024-05-13T13:23:44.364+0000] {processor.py:840} INFO - DAG(s) 'snowflake_crud_example' retrieved from /opt/airflow/dags/crud_table.py
[2024-05-13T13:23:44.389+0000] {logging_mixin.py:188} INFO - [2024-05-13T13:23:44.389+0000] {dag.py:3096} INFO - Sync 1 DAGs
[2024-05-13T13:23:44.403+0000] {logging_mixin.py:188} INFO - [2024-05-13T13:23:44.403+0000] {dag.py:3954} INFO - Setting next_dagrun for snowflake_crud_example to None, run_after=None
[2024-05-13T13:23:44.566+0000] {processor.py:183} INFO - Processing /opt/airflow/dags/crud_table.py took 1.086 seconds
[2024-05-13T13:24:14.673+0000] {processor.py:161} INFO - Started process (PID=189) to work on /opt/airflow/dags/crud_table.py
[2024-05-13T13:24:14.674+0000] {processor.py:830} INFO - Processing file /opt/airflow/dags/crud_table.py for tasks to queue
[2024-05-13T13:24:14.677+0000] {logging_mixin.py:188} INFO - [2024-05-13T13:24:14.676+0000] {dagbag.py:540} INFO - Filling up the DagBag from /opt/airflow/dags/crud_table.py
[2024-05-13T13:24:15.534+0000] {processor.py:840} INFO - DAG(s) 'snowflake_crud_example' retrieved from /opt/airflow/dags/crud_table.py
[2024-05-13T13:24:15.558+0000] {logging_mixin.py:188} INFO - [2024-05-13T13:24:15.558+0000] {dag.py:3096} INFO - Sync 1 DAGs
[2024-05-13T13:24:15.571+0000] {logging_mixin.py:188} INFO - [2024-05-13T13:24:15.571+0000] {dag.py:3954} INFO - Setting next_dagrun for snowflake_crud_example to None, run_after=None
[2024-05-13T13:24:15.766+0000] {processor.py:183} INFO - Processing /opt/airflow/dags/crud_table.py took 1.101 seconds
[2024-05-13T13:24:45.870+0000] {processor.py:161} INFO - Started process (PID=204) to work on /opt/airflow/dags/crud_table.py
[2024-05-13T13:24:45.871+0000] {processor.py:830} INFO - Processing file /opt/airflow/dags/crud_table.py for tasks to queue
[2024-05-13T13:24:45.873+0000] {logging_mixin.py:188} INFO - [2024-05-13T13:24:45.873+0000] {dagbag.py:540} INFO - Filling up the DagBag from /opt/airflow/dags/crud_table.py
[2024-05-13T13:24:46.778+0000] {processor.py:840} INFO - DAG(s) 'snowflake_crud_example' retrieved from /opt/airflow/dags/crud_table.py
[2024-05-13T13:24:46.802+0000] {logging_mixin.py:188} INFO - [2024-05-13T13:24:46.801+0000] {dag.py:3096} INFO - Sync 1 DAGs
[2024-05-13T13:24:46.814+0000] {logging_mixin.py:188} INFO - [2024-05-13T13:24:46.814+0000] {dag.py:3954} INFO - Setting next_dagrun for snowflake_crud_example to None, run_after=None
[2024-05-13T13:24:46.921+0000] {processor.py:183} INFO - Processing /opt/airflow/dags/crud_table.py took 1.058 seconds
[2024-05-13T13:25:17.109+0000] {processor.py:161} INFO - Started process (PID=219) to work on /opt/airflow/dags/crud_table.py
[2024-05-13T13:25:17.111+0000] {processor.py:830} INFO - Processing file /opt/airflow/dags/crud_table.py for tasks to queue
[2024-05-13T13:25:17.113+0000] {logging_mixin.py:188} INFO - [2024-05-13T13:25:17.113+0000] {dagbag.py:540} INFO - Filling up the DagBag from /opt/airflow/dags/crud_table.py
[2024-05-13T13:25:17.951+0000] {processor.py:840} INFO - DAG(s) 'snowflake_crud_example' retrieved from /opt/airflow/dags/crud_table.py
[2024-05-13T13:25:17.975+0000] {logging_mixin.py:188} INFO - [2024-05-13T13:25:17.974+0000] {dag.py:3096} INFO - Sync 1 DAGs
[2024-05-13T13:25:17.987+0000] {logging_mixin.py:188} INFO - [2024-05-13T13:25:17.987+0000] {dag.py:3954} INFO - Setting next_dagrun for snowflake_crud_example to None, run_after=None
[2024-05-13T13:25:18.159+0000] {processor.py:183} INFO - Processing /opt/airflow/dags/crud_table.py took 1.062 seconds
[2024-05-13T13:25:48.447+0000] {processor.py:161} INFO - Started process (PID=234) to work on /opt/airflow/dags/crud_table.py
[2024-05-13T13:25:48.448+0000] {processor.py:830} INFO - Processing file /opt/airflow/dags/crud_table.py for tasks to queue
[2024-05-13T13:25:48.451+0000] {logging_mixin.py:188} INFO - [2024-05-13T13:25:48.451+0000] {dagbag.py:540} INFO - Filling up the DagBag from /opt/airflow/dags/crud_table.py
[2024-05-13T13:25:49.302+0000] {processor.py:840} INFO - DAG(s) 'snowflake_crud_example' retrieved from /opt/airflow/dags/crud_table.py
[2024-05-13T13:25:49.326+0000] {logging_mixin.py:188} INFO - [2024-05-13T13:25:49.325+0000] {dag.py:3096} INFO - Sync 1 DAGs
[2024-05-13T13:25:49.338+0000] {logging_mixin.py:188} INFO - [2024-05-13T13:25:49.337+0000] {dag.py:3954} INFO - Setting next_dagrun for snowflake_crud_example to None, run_after=None
[2024-05-13T13:25:50.290+0000] {processor.py:183} INFO - Processing /opt/airflow/dags/crud_table.py took 1.851 seconds
[2024-05-13T13:26:20.449+0000] {processor.py:161} INFO - Started process (PID=249) to work on /opt/airflow/dags/crud_table.py
[2024-05-13T13:26:20.450+0000] {processor.py:830} INFO - Processing file /opt/airflow/dags/crud_table.py for tasks to queue
[2024-05-13T13:26:20.452+0000] {logging_mixin.py:188} INFO - [2024-05-13T13:26:20.452+0000] {dagbag.py:540} INFO - Filling up the DagBag from /opt/airflow/dags/crud_table.py
[2024-05-13T13:26:21.319+0000] {processor.py:840} INFO - DAG(s) 'snowflake_crud_example' retrieved from /opt/airflow/dags/crud_table.py
[2024-05-13T13:26:21.345+0000] {logging_mixin.py:188} INFO - [2024-05-13T13:26:21.344+0000] {dag.py:3096} INFO - Sync 1 DAGs
[2024-05-13T13:26:21.359+0000] {logging_mixin.py:188} INFO - [2024-05-13T13:26:21.358+0000] {dag.py:3954} INFO - Setting next_dagrun for snowflake_crud_example to None, run_after=None
[2024-05-13T13:26:21.528+0000] {processor.py:183} INFO - Processing /opt/airflow/dags/crud_table.py took 1.087 seconds
[2024-05-13T13:26:52.185+0000] {processor.py:161} INFO - Started process (PID=264) to work on /opt/airflow/dags/crud_table.py
[2024-05-13T13:26:52.186+0000] {processor.py:830} INFO - Processing file /opt/airflow/dags/crud_table.py for tasks to queue
[2024-05-13T13:26:52.190+0000] {logging_mixin.py:188} INFO - [2024-05-13T13:26:52.189+0000] {dagbag.py:540} INFO - Filling up the DagBag from /opt/airflow/dags/crud_table.py
[2024-05-13T13:26:53.034+0000] {processor.py:840} INFO - DAG(s) 'snowflake_crud_example' retrieved from /opt/airflow/dags/crud_table.py
[2024-05-13T13:26:53.058+0000] {logging_mixin.py:188} INFO - [2024-05-13T13:26:53.056+0000] {dag.py:3096} INFO - Sync 1 DAGs
[2024-05-13T13:26:53.072+0000] {logging_mixin.py:188} INFO - [2024-05-13T13:26:53.071+0000] {dag.py:3954} INFO - Setting next_dagrun for snowflake_crud_example to None, run_after=None
[2024-05-13T13:26:53.431+0000] {processor.py:183} INFO - Processing /opt/airflow/dags/crud_table.py took 1.257 seconds
[2024-05-13T13:27:23.618+0000] {processor.py:161} INFO - Started process (PID=279) to work on /opt/airflow/dags/crud_table.py
[2024-05-13T13:27:23.619+0000] {processor.py:830} INFO - Processing file /opt/airflow/dags/crud_table.py for tasks to queue
[2024-05-13T13:27:23.623+0000] {logging_mixin.py:188} INFO - [2024-05-13T13:27:23.622+0000] {dagbag.py:540} INFO - Filling up the DagBag from /opt/airflow/dags/crud_table.py
[2024-05-13T13:27:24.448+0000] {processor.py:840} INFO - DAG(s) 'snowflake_crud_example' retrieved from /opt/airflow/dags/crud_table.py
[2024-05-13T13:27:24.473+0000] {logging_mixin.py:188} INFO - [2024-05-13T13:27:24.472+0000] {dag.py:3096} INFO - Sync 1 DAGs
[2024-05-13T13:27:24.485+0000] {logging_mixin.py:188} INFO - [2024-05-13T13:27:24.484+0000] {dag.py:3954} INFO - Setting next_dagrun for snowflake_crud_example to None, run_after=None
[2024-05-13T13:27:24.821+0000] {processor.py:183} INFO - Processing /opt/airflow/dags/crud_table.py took 1.212 seconds
[2024-05-13T13:27:55.038+0000] {processor.py:161} INFO - Started process (PID=294) to work on /opt/airflow/dags/crud_table.py
[2024-05-13T13:27:55.040+0000] {processor.py:830} INFO - Processing file /opt/airflow/dags/crud_table.py for tasks to queue
[2024-05-13T13:27:55.043+0000] {logging_mixin.py:188} INFO - [2024-05-13T13:27:55.042+0000] {dagbag.py:540} INFO - Filling up the DagBag from /opt/airflow/dags/crud_table.py
[2024-05-13T13:27:56.095+0000] {processor.py:840} INFO - DAG(s) 'snowflake_crud_example' retrieved from /opt/airflow/dags/crud_table.py
[2024-05-13T13:27:56.121+0000] {logging_mixin.py:188} INFO - [2024-05-13T13:27:56.120+0000] {dag.py:3096} INFO - Sync 1 DAGs
[2024-05-13T13:27:56.134+0000] {logging_mixin.py:188} INFO - [2024-05-13T13:27:56.133+0000] {dag.py:3954} INFO - Setting next_dagrun for snowflake_crud_example to None, run_after=None
[2024-05-13T13:27:56.524+0000] {processor.py:183} INFO - Processing /opt/airflow/dags/crud_table.py took 1.493 seconds
[2024-05-13T13:28:26.712+0000] {processor.py:161} INFO - Started process (PID=309) to work on /opt/airflow/dags/crud_table.py
[2024-05-13T13:28:26.714+0000] {processor.py:830} INFO - Processing file /opt/airflow/dags/crud_table.py for tasks to queue
[2024-05-13T13:28:26.716+0000] {logging_mixin.py:188} INFO - [2024-05-13T13:28:26.716+0000] {dagbag.py:540} INFO - Filling up the DagBag from /opt/airflow/dags/crud_table.py
[2024-05-13T13:28:27.758+0000] {processor.py:840} INFO - DAG(s) 'snowflake_crud_example' retrieved from /opt/airflow/dags/crud_table.py
[2024-05-13T13:28:27.798+0000] {logging_mixin.py:188} INFO - [2024-05-13T13:28:27.797+0000] {dag.py:3096} INFO - Sync 1 DAGs
[2024-05-13T13:28:27.815+0000] {logging_mixin.py:188} INFO - [2024-05-13T13:28:27.815+0000] {dag.py:3954} INFO - Setting next_dagrun for snowflake_crud_example to None, run_after=None
[2024-05-13T13:28:27.966+0000] {processor.py:183} INFO - Processing /opt/airflow/dags/crud_table.py took 1.262 seconds
[2024-05-13T13:28:58.171+0000] {processor.py:161} INFO - Started process (PID=324) to work on /opt/airflow/dags/crud_table.py
[2024-05-13T13:28:58.173+0000] {processor.py:830} INFO - Processing file /opt/airflow/dags/crud_table.py for tasks to queue
[2024-05-13T13:28:58.175+0000] {logging_mixin.py:188} INFO - [2024-05-13T13:28:58.175+0000] {dagbag.py:540} INFO - Filling up the DagBag from /opt/airflow/dags/crud_table.py
[2024-05-13T13:28:59.140+0000] {processor.py:840} INFO - DAG(s) 'snowflake_crud_example' retrieved from /opt/airflow/dags/crud_table.py
[2024-05-13T13:28:59.167+0000] {logging_mixin.py:188} INFO - [2024-05-13T13:28:59.166+0000] {dag.py:3096} INFO - Sync 1 DAGs
[2024-05-13T13:28:59.182+0000] {logging_mixin.py:188} INFO - [2024-05-13T13:28:59.181+0000] {dag.py:3954} INFO - Setting next_dagrun for snowflake_crud_example to None, run_after=None
[2024-05-13T13:28:59.514+0000] {processor.py:183} INFO - Processing /opt/airflow/dags/crud_table.py took 1.351 seconds
