[2024-05-13T13:19:12.176+0000] {processor.py:161} INFO - Started process (PID=48) to work on /opt/airflow/dags/latihan.py
[2024-05-13T13:19:12.178+0000] {processor.py:830} INFO - Processing file /opt/airflow/dags/latihan.py for tasks to queue
[2024-05-13T13:19:12.182+0000] {logging_mixin.py:188} INFO - [2024-05-13T13:19:12.181+0000] {dagbag.py:540} INFO - Filling up the DagBag from /opt/airflow/dags/latihan.py
[2024-05-13T13:19:34.241+0000] {processor.py:840} INFO - DAG(s) 'snowflake_connector3' retrieved from /opt/airflow/dags/latihan.py
[2024-05-13T13:19:34.331+0000] {logging_mixin.py:188} INFO - [2024-05-13T13:19:34.330+0000] {dag.py:3096} INFO - Sync 1 DAGs
[2024-05-13T13:19:34.411+0000] {logging_mixin.py:188} INFO - [2024-05-13T13:19:34.411+0000] {dag.py:3954} INFO - Setting next_dagrun for snowflake_connector3 to None, run_after=None
[2024-05-13T13:19:34.510+0000] {processor.py:183} INFO - Processing /opt/airflow/dags/latihan.py took 22.347 seconds
[2024-05-13T13:20:04.861+0000] {processor.py:161} INFO - Started process (PID=63) to work on /opt/airflow/dags/latihan.py
[2024-05-13T13:20:04.862+0000] {processor.py:830} INFO - Processing file /opt/airflow/dags/latihan.py for tasks to queue
[2024-05-13T13:20:04.865+0000] {logging_mixin.py:188} INFO - [2024-05-13T13:20:04.864+0000] {dagbag.py:540} INFO - Filling up the DagBag from /opt/airflow/dags/latihan.py
[2024-05-13T13:20:06.643+0000] {processor.py:840} INFO - DAG(s) 'snowflake_connector3' retrieved from /opt/airflow/dags/latihan.py
[2024-05-13T13:20:06.667+0000] {logging_mixin.py:188} INFO - [2024-05-13T13:20:06.666+0000] {dag.py:3096} INFO - Sync 1 DAGs
[2024-05-13T13:20:06.679+0000] {logging_mixin.py:188} INFO - [2024-05-13T13:20:06.679+0000] {dag.py:3954} INFO - Setting next_dagrun for snowflake_connector3 to None, run_after=None
[2024-05-13T13:20:06.728+0000] {processor.py:183} INFO - Processing /opt/airflow/dags/latihan.py took 1.874 seconds
[2024-05-13T13:20:37.071+0000] {processor.py:161} INFO - Started process (PID=81) to work on /opt/airflow/dags/latihan.py
[2024-05-13T13:20:37.072+0000] {processor.py:830} INFO - Processing file /opt/airflow/dags/latihan.py for tasks to queue
[2024-05-13T13:20:37.076+0000] {logging_mixin.py:188} INFO - [2024-05-13T13:20:37.076+0000] {dagbag.py:540} INFO - Filling up the DagBag from /opt/airflow/dags/latihan.py
[2024-05-13T13:20:38.704+0000] {processor.py:840} INFO - DAG(s) 'snowflake_connector3' retrieved from /opt/airflow/dags/latihan.py
[2024-05-13T13:20:38.727+0000] {logging_mixin.py:188} INFO - [2024-05-13T13:20:38.727+0000] {dag.py:3096} INFO - Sync 1 DAGs
[2024-05-13T13:20:38.740+0000] {logging_mixin.py:188} INFO - [2024-05-13T13:20:38.740+0000] {dag.py:3954} INFO - Setting next_dagrun for snowflake_connector3 to None, run_after=None
[2024-05-13T13:20:38.781+0000] {processor.py:183} INFO - Processing /opt/airflow/dags/latihan.py took 1.717 seconds
[2024-05-13T13:21:09.148+0000] {processor.py:161} INFO - Started process (PID=99) to work on /opt/airflow/dags/latihan.py
[2024-05-13T13:21:09.151+0000] {processor.py:830} INFO - Processing file /opt/airflow/dags/latihan.py for tasks to queue
[2024-05-13T13:21:09.156+0000] {logging_mixin.py:188} INFO - [2024-05-13T13:21:09.155+0000] {dagbag.py:540} INFO - Filling up the DagBag from /opt/airflow/dags/latihan.py
[2024-05-13T13:21:11.114+0000] {processor.py:840} INFO - DAG(s) 'snowflake_connector3' retrieved from /opt/airflow/dags/latihan.py
[2024-05-13T13:21:11.144+0000] {logging_mixin.py:188} INFO - [2024-05-13T13:21:11.143+0000] {dag.py:3096} INFO - Sync 1 DAGs
[2024-05-13T13:21:11.173+0000] {logging_mixin.py:188} INFO - [2024-05-13T13:21:11.173+0000] {dag.py:3954} INFO - Setting next_dagrun for snowflake_connector3 to None, run_after=None
[2024-05-13T13:21:11.212+0000] {processor.py:183} INFO - Processing /opt/airflow/dags/latihan.py took 2.082 seconds
[2024-05-13T13:21:41.531+0000] {processor.py:161} INFO - Started process (PID=120) to work on /opt/airflow/dags/latihan.py
[2024-05-13T13:21:41.533+0000] {processor.py:830} INFO - Processing file /opt/airflow/dags/latihan.py for tasks to queue
[2024-05-13T13:21:41.535+0000] {logging_mixin.py:188} INFO - [2024-05-13T13:21:41.534+0000] {dagbag.py:540} INFO - Filling up the DagBag from /opt/airflow/dags/latihan.py
[2024-05-13T13:21:43.533+0000] {processor.py:840} INFO - DAG(s) 'snowflake_connector3' retrieved from /opt/airflow/dags/latihan.py
[2024-05-13T13:21:43.563+0000] {logging_mixin.py:188} INFO - [2024-05-13T13:21:43.562+0000] {dag.py:3096} INFO - Sync 1 DAGs
[2024-05-13T13:21:43.582+0000] {logging_mixin.py:188} INFO - [2024-05-13T13:21:43.581+0000] {dag.py:3954} INFO - Setting next_dagrun for snowflake_connector3 to None, run_after=None
[2024-05-13T13:21:43.632+0000] {processor.py:183} INFO - Processing /opt/airflow/dags/latihan.py took 2.110 seconds
[2024-05-13T13:22:13.892+0000] {processor.py:161} INFO - Started process (PID=135) to work on /opt/airflow/dags/latihan.py
[2024-05-13T13:22:13.893+0000] {processor.py:830} INFO - Processing file /opt/airflow/dags/latihan.py for tasks to queue
[2024-05-13T13:22:13.896+0000] {logging_mixin.py:188} INFO - [2024-05-13T13:22:13.895+0000] {dagbag.py:540} INFO - Filling up the DagBag from /opt/airflow/dags/latihan.py
[2024-05-13T13:22:15.614+0000] {processor.py:840} INFO - DAG(s) 'snowflake_connector3' retrieved from /opt/airflow/dags/latihan.py
[2024-05-13T13:22:15.637+0000] {logging_mixin.py:188} INFO - [2024-05-13T13:22:15.637+0000] {dag.py:3096} INFO - Sync 1 DAGs
[2024-05-13T13:22:15.651+0000] {logging_mixin.py:188} INFO - [2024-05-13T13:22:15.651+0000] {dag.py:3954} INFO - Setting next_dagrun for snowflake_connector3 to None, run_after=None
[2024-05-13T13:22:15.690+0000] {processor.py:183} INFO - Processing /opt/airflow/dags/latihan.py took 1.805 seconds
[2024-05-13T13:22:46.010+0000] {processor.py:161} INFO - Started process (PID=150) to work on /opt/airflow/dags/latihan.py
[2024-05-13T13:22:46.012+0000] {processor.py:830} INFO - Processing file /opt/airflow/dags/latihan.py for tasks to queue
[2024-05-13T13:22:46.014+0000] {logging_mixin.py:188} INFO - [2024-05-13T13:22:46.014+0000] {dagbag.py:540} INFO - Filling up the DagBag from /opt/airflow/dags/latihan.py
[2024-05-13T13:22:47.544+0000] {processor.py:840} INFO - DAG(s) 'snowflake_connector3' retrieved from /opt/airflow/dags/latihan.py
[2024-05-13T13:22:47.571+0000] {logging_mixin.py:188} INFO - [2024-05-13T13:22:47.571+0000] {dag.py:3096} INFO - Sync 1 DAGs
[2024-05-13T13:22:47.587+0000] {logging_mixin.py:188} INFO - [2024-05-13T13:22:47.587+0000] {dag.py:3954} INFO - Setting next_dagrun for snowflake_connector3 to None, run_after=None
[2024-05-13T13:22:47.649+0000] {processor.py:183} INFO - Processing /opt/airflow/dags/latihan.py took 1.647 seconds
[2024-05-13T13:23:18.400+0000] {processor.py:161} INFO - Started process (PID=165) to work on /opt/airflow/dags/latihan.py
[2024-05-13T13:23:18.402+0000] {processor.py:830} INFO - Processing file /opt/airflow/dags/latihan.py for tasks to queue
[2024-05-13T13:23:18.404+0000] {logging_mixin.py:188} INFO - [2024-05-13T13:23:18.403+0000] {dagbag.py:540} INFO - Filling up the DagBag from /opt/airflow/dags/latihan.py
[2024-05-13T13:23:20.134+0000] {processor.py:840} INFO - DAG(s) 'snowflake_connector3' retrieved from /opt/airflow/dags/latihan.py
[2024-05-13T13:23:20.159+0000] {logging_mixin.py:188} INFO - [2024-05-13T13:23:20.158+0000] {dag.py:3096} INFO - Sync 1 DAGs
[2024-05-13T13:23:20.172+0000] {logging_mixin.py:188} INFO - [2024-05-13T13:23:20.172+0000] {dag.py:3954} INFO - Setting next_dagrun for snowflake_connector3 to None, run_after=None
[2024-05-13T13:23:20.240+0000] {processor.py:183} INFO - Processing /opt/airflow/dags/latihan.py took 1.847 seconds
[2024-05-13T13:23:50.553+0000] {processor.py:161} INFO - Started process (PID=180) to work on /opt/airflow/dags/latihan.py
[2024-05-13T13:23:50.554+0000] {processor.py:830} INFO - Processing file /opt/airflow/dags/latihan.py for tasks to queue
[2024-05-13T13:23:50.557+0000] {logging_mixin.py:188} INFO - [2024-05-13T13:23:50.556+0000] {dagbag.py:540} INFO - Filling up the DagBag from /opt/airflow/dags/latihan.py
[2024-05-13T13:23:52.172+0000] {processor.py:840} INFO - DAG(s) 'snowflake_connector3' retrieved from /opt/airflow/dags/latihan.py
[2024-05-13T13:23:52.197+0000] {logging_mixin.py:188} INFO - [2024-05-13T13:23:52.196+0000] {dag.py:3096} INFO - Sync 1 DAGs
[2024-05-13T13:23:52.210+0000] {logging_mixin.py:188} INFO - [2024-05-13T13:23:52.209+0000] {dag.py:3954} INFO - Setting next_dagrun for snowflake_connector3 to None, run_after=None
[2024-05-13T13:23:52.341+0000] {processor.py:183} INFO - Processing /opt/airflow/dags/latihan.py took 1.795 seconds
[2024-05-13T13:24:22.876+0000] {processor.py:161} INFO - Started process (PID=195) to work on /opt/airflow/dags/latihan.py
[2024-05-13T13:24:22.878+0000] {processor.py:830} INFO - Processing file /opt/airflow/dags/latihan.py for tasks to queue
[2024-05-13T13:24:22.880+0000] {logging_mixin.py:188} INFO - [2024-05-13T13:24:22.880+0000] {dagbag.py:540} INFO - Filling up the DagBag from /opt/airflow/dags/latihan.py
[2024-05-13T13:24:24.527+0000] {processor.py:840} INFO - DAG(s) 'snowflake_connector3' retrieved from /opt/airflow/dags/latihan.py
[2024-05-13T13:24:24.552+0000] {logging_mixin.py:188} INFO - [2024-05-13T13:24:24.551+0000] {dag.py:3096} INFO - Sync 1 DAGs
[2024-05-13T13:24:24.565+0000] {logging_mixin.py:188} INFO - [2024-05-13T13:24:24.564+0000] {dag.py:3954} INFO - Setting next_dagrun for snowflake_connector3 to None, run_after=None
[2024-05-13T13:24:24.645+0000] {processor.py:183} INFO - Processing /opt/airflow/dags/latihan.py took 1.776 seconds
[2024-05-13T13:24:55.044+0000] {processor.py:161} INFO - Started process (PID=210) to work on /opt/airflow/dags/latihan.py
[2024-05-13T13:24:55.045+0000] {processor.py:830} INFO - Processing file /opt/airflow/dags/latihan.py for tasks to queue
[2024-05-13T13:24:55.048+0000] {logging_mixin.py:188} INFO - [2024-05-13T13:24:55.047+0000] {dagbag.py:540} INFO - Filling up the DagBag from /opt/airflow/dags/latihan.py
[2024-05-13T13:24:56.645+0000] {processor.py:840} INFO - DAG(s) 'snowflake_connector3' retrieved from /opt/airflow/dags/latihan.py
[2024-05-13T13:24:56.670+0000] {logging_mixin.py:188} INFO - [2024-05-13T13:24:56.670+0000] {dag.py:3096} INFO - Sync 1 DAGs
[2024-05-13T13:24:56.683+0000] {logging_mixin.py:188} INFO - [2024-05-13T13:24:56.683+0000] {dag.py:3954} INFO - Setting next_dagrun for snowflake_connector3 to None, run_after=None
[2024-05-13T13:24:56.913+0000] {processor.py:183} INFO - Processing /opt/airflow/dags/latihan.py took 1.876 seconds
[2024-05-13T13:25:27.104+0000] {processor.py:161} INFO - Started process (PID=225) to work on /opt/airflow/dags/latihan.py
[2024-05-13T13:25:27.105+0000] {processor.py:830} INFO - Processing file /opt/airflow/dags/latihan.py for tasks to queue
[2024-05-13T13:25:27.108+0000] {logging_mixin.py:188} INFO - [2024-05-13T13:25:27.108+0000] {dagbag.py:540} INFO - Filling up the DagBag from /opt/airflow/dags/latihan.py
[2024-05-13T13:25:28.748+0000] {processor.py:840} INFO - DAG(s) 'snowflake_connector3' retrieved from /opt/airflow/dags/latihan.py
[2024-05-13T13:25:28.771+0000] {logging_mixin.py:188} INFO - [2024-05-13T13:25:28.771+0000] {dag.py:3096} INFO - Sync 1 DAGs
[2024-05-13T13:25:28.785+0000] {logging_mixin.py:188} INFO - [2024-05-13T13:25:28.784+0000] {dag.py:3954} INFO - Setting next_dagrun for snowflake_connector3 to None, run_after=None
[2024-05-13T13:25:28.890+0000] {processor.py:183} INFO - Processing /opt/airflow/dags/latihan.py took 1.796 seconds
[2024-05-13T13:25:59.422+0000] {processor.py:161} INFO - Started process (PID=240) to work on /opt/airflow/dags/latihan.py
[2024-05-13T13:25:59.424+0000] {processor.py:830} INFO - Processing file /opt/airflow/dags/latihan.py for tasks to queue
[2024-05-13T13:25:59.428+0000] {logging_mixin.py:188} INFO - [2024-05-13T13:25:59.427+0000] {dagbag.py:540} INFO - Filling up the DagBag from /opt/airflow/dags/latihan.py
[2024-05-13T13:26:01.103+0000] {processor.py:840} INFO - DAG(s) 'snowflake_connector3' retrieved from /opt/airflow/dags/latihan.py
[2024-05-13T13:26:01.129+0000] {logging_mixin.py:188} INFO - [2024-05-13T13:26:01.128+0000] {dag.py:3096} INFO - Sync 1 DAGs
[2024-05-13T13:26:01.143+0000] {logging_mixin.py:188} INFO - [2024-05-13T13:26:01.143+0000] {dag.py:3954} INFO - Setting next_dagrun for snowflake_connector3 to None, run_after=None
[2024-05-13T13:26:01.235+0000] {processor.py:183} INFO - Processing /opt/airflow/dags/latihan.py took 1.821 seconds
[2024-05-13T13:26:31.706+0000] {processor.py:161} INFO - Started process (PID=255) to work on /opt/airflow/dags/latihan.py
[2024-05-13T13:26:31.708+0000] {processor.py:830} INFO - Processing file /opt/airflow/dags/latihan.py for tasks to queue
[2024-05-13T13:26:31.710+0000] {logging_mixin.py:188} INFO - [2024-05-13T13:26:31.710+0000] {dagbag.py:540} INFO - Filling up the DagBag from /opt/airflow/dags/latihan.py
[2024-05-13T13:26:33.328+0000] {processor.py:840} INFO - DAG(s) 'snowflake_connector3' retrieved from /opt/airflow/dags/latihan.py
[2024-05-13T13:26:33.352+0000] {logging_mixin.py:188} INFO - [2024-05-13T13:26:33.352+0000] {dag.py:3096} INFO - Sync 1 DAGs
[2024-05-13T13:26:33.365+0000] {logging_mixin.py:188} INFO - [2024-05-13T13:26:33.365+0000] {dag.py:3954} INFO - Setting next_dagrun for snowflake_connector3 to None, run_after=None
[2024-05-13T13:26:33.989+0000] {processor.py:183} INFO - Processing /opt/airflow/dags/latihan.py took 2.290 seconds
[2024-05-13T13:27:04.600+0000] {processor.py:161} INFO - Started process (PID=270) to work on /opt/airflow/dags/latihan.py
[2024-05-13T13:27:04.601+0000] {processor.py:830} INFO - Processing file /opt/airflow/dags/latihan.py for tasks to queue
[2024-05-13T13:27:04.604+0000] {logging_mixin.py:188} INFO - [2024-05-13T13:27:04.604+0000] {dagbag.py:540} INFO - Filling up the DagBag from /opt/airflow/dags/latihan.py
[2024-05-13T13:27:06.242+0000] {processor.py:840} INFO - DAG(s) 'snowflake_connector3' retrieved from /opt/airflow/dags/latihan.py
[2024-05-13T13:27:06.273+0000] {logging_mixin.py:188} INFO - [2024-05-13T13:27:06.272+0000] {dag.py:3096} INFO - Sync 1 DAGs
[2024-05-13T13:27:06.289+0000] {logging_mixin.py:188} INFO - [2024-05-13T13:27:06.289+0000] {dag.py:3954} INFO - Setting next_dagrun for snowflake_connector3 to None, run_after=None
[2024-05-13T13:27:06.437+0000] {processor.py:183} INFO - Processing /opt/airflow/dags/latihan.py took 1.847 seconds
[2024-05-13T13:27:36.988+0000] {processor.py:161} INFO - Started process (PID=285) to work on /opt/airflow/dags/latihan.py
[2024-05-13T13:27:36.989+0000] {processor.py:830} INFO - Processing file /opt/airflow/dags/latihan.py for tasks to queue
[2024-05-13T13:27:36.992+0000] {logging_mixin.py:188} INFO - [2024-05-13T13:27:36.992+0000] {dagbag.py:540} INFO - Filling up the DagBag from /opt/airflow/dags/latihan.py
[2024-05-13T13:27:38.678+0000] {processor.py:840} INFO - DAG(s) 'snowflake_connector3' retrieved from /opt/airflow/dags/latihan.py
[2024-05-13T13:27:38.705+0000] {logging_mixin.py:188} INFO - [2024-05-13T13:27:38.705+0000] {dag.py:3096} INFO - Sync 1 DAGs
[2024-05-13T13:27:38.719+0000] {logging_mixin.py:188} INFO - [2024-05-13T13:27:38.719+0000] {dag.py:3954} INFO - Setting next_dagrun for snowflake_connector3 to None, run_after=None
[2024-05-13T13:27:38.841+0000] {processor.py:183} INFO - Processing /opt/airflow/dags/latihan.py took 1.861 seconds
[2024-05-13T13:28:09.310+0000] {processor.py:161} INFO - Started process (PID=300) to work on /opt/airflow/dags/latihan.py
[2024-05-13T13:28:09.312+0000] {processor.py:830} INFO - Processing file /opt/airflow/dags/latihan.py for tasks to queue
[2024-05-13T13:28:09.317+0000] {logging_mixin.py:188} INFO - [2024-05-13T13:28:09.316+0000] {dagbag.py:540} INFO - Filling up the DagBag from /opt/airflow/dags/latihan.py
[2024-05-13T13:28:11.490+0000] {processor.py:840} INFO - DAG(s) 'snowflake_connector3' retrieved from /opt/airflow/dags/latihan.py
[2024-05-13T13:28:11.520+0000] {logging_mixin.py:188} INFO - [2024-05-13T13:28:11.519+0000] {dag.py:3096} INFO - Sync 1 DAGs
[2024-05-13T13:28:11.554+0000] {logging_mixin.py:188} INFO - [2024-05-13T13:28:11.554+0000] {dag.py:3954} INFO - Setting next_dagrun for snowflake_connector3 to None, run_after=None
[2024-05-13T13:28:11.709+0000] {processor.py:183} INFO - Processing /opt/airflow/dags/latihan.py took 2.407 seconds
[2024-05-13T13:28:42.136+0000] {processor.py:161} INFO - Started process (PID=321) to work on /opt/airflow/dags/latihan.py
[2024-05-13T13:28:42.138+0000] {processor.py:830} INFO - Processing file /opt/airflow/dags/latihan.py for tasks to queue
[2024-05-13T13:28:42.140+0000] {logging_mixin.py:188} INFO - [2024-05-13T13:28:42.139+0000] {dagbag.py:540} INFO - Filling up the DagBag from /opt/airflow/dags/latihan.py
[2024-05-13T13:28:43.847+0000] {processor.py:840} INFO - DAG(s) 'snowflake_connector3' retrieved from /opt/airflow/dags/latihan.py
[2024-05-13T13:28:43.871+0000] {logging_mixin.py:188} INFO - [2024-05-13T13:28:43.870+0000] {dag.py:3096} INFO - Sync 1 DAGs
[2024-05-13T13:28:43.884+0000] {logging_mixin.py:188} INFO - [2024-05-13T13:28:43.884+0000] {dag.py:3954} INFO - Setting next_dagrun for snowflake_connector3 to None, run_after=None
[2024-05-13T13:28:43.998+0000] {processor.py:183} INFO - Processing /opt/airflow/dags/latihan.py took 1.870 seconds
[2024-05-13T13:29:14.782+0000] {processor.py:161} INFO - Started process (PID=336) to work on /opt/airflow/dags/latihan.py
[2024-05-13T13:29:14.784+0000] {processor.py:830} INFO - Processing file /opt/airflow/dags/latihan.py for tasks to queue
[2024-05-13T13:29:14.787+0000] {logging_mixin.py:188} INFO - [2024-05-13T13:29:14.786+0000] {dagbag.py:540} INFO - Filling up the DagBag from /opt/airflow/dags/latihan.py
[2024-05-13T13:29:16.480+0000] {processor.py:840} INFO - DAG(s) 'snowflake_connector3' retrieved from /opt/airflow/dags/latihan.py
[2024-05-13T13:29:16.504+0000] {logging_mixin.py:188} INFO - [2024-05-13T13:29:16.504+0000] {dag.py:3096} INFO - Sync 1 DAGs
[2024-05-13T13:29:16.518+0000] {logging_mixin.py:188} INFO - [2024-05-13T13:29:16.518+0000] {dag.py:3954} INFO - Setting next_dagrun for snowflake_connector3 to None, run_after=None
[2024-05-13T13:29:16.726+0000] {processor.py:183} INFO - Processing /opt/airflow/dags/latihan.py took 1.954 seconds
