[2024-05-12T15:21:25.698+0000] {local_task_job_runner.py:120} INFO - ::group::Pre task execution logs
[2024-05-12T15:21:25.737+0000] {taskinstance.py:2073} INFO - Dependencies all met for dep_context=non-requeueable deps ti=<TaskInstance: snowflake_crud_example.update_data_table manual__2024-05-12T15:21:11.194817+00:00 [queued]>
[2024-05-12T15:21:25.753+0000] {taskinstance.py:2073} INFO - Dependencies all met for dep_context=requeueable deps ti=<TaskInstance: snowflake_crud_example.update_data_table manual__2024-05-12T15:21:11.194817+00:00 [queued]>
[2024-05-12T15:21:25.754+0000] {taskinstance.py:2303} INFO - Starting attempt 1 of 1
[2024-05-12T15:21:25.822+0000] {taskinstance.py:2327} INFO - Executing <Task(SnowflakeOperator): update_data_table> on 2024-05-12 15:21:11.194817+00:00
[2024-05-12T15:21:25.831+0000] {warnings.py:110} WARNING - /home/***/.local/lib/python3.12/site-packages/***/task/task_runner/standard_task_runner.py:61: DeprecationWarning: This process (pid=697) is multi-threaded, use of fork() may lead to deadlocks in the child.
  pid = os.fork()

[2024-05-12T15:21:25.835+0000] {standard_task_runner.py:63} INFO - Started process 706 to run task
[2024-05-12T15:21:25.834+0000] {standard_task_runner.py:90} INFO - Running: ['***', 'tasks', 'run', 'snowflake_crud_example', 'update_data_table', 'manual__2024-05-12T15:21:11.194817+00:00', '--job-id', '37', '--raw', '--subdir', 'DAGS_FOLDER/crud_table.py', '--cfg-path', '/tmp/tmpmoken7qv']
[2024-05-12T15:21:25.840+0000] {standard_task_runner.py:91} INFO - Job 37: Subtask update_data_table
[2024-05-12T15:21:25.932+0000] {task_command.py:426} INFO - Running <TaskInstance: snowflake_crud_example.update_data_table manual__2024-05-12T15:21:11.194817+00:00 [running]> on host 960286af4a25
[2024-05-12T15:21:26.127+0000] {taskinstance.py:2644} INFO - Exporting env vars: AIRFLOW_CTX_DAG_OWNER='***' AIRFLOW_CTX_DAG_ID='snowflake_crud_example' AIRFLOW_CTX_TASK_ID='update_data_table' AIRFLOW_CTX_EXECUTION_DATE='2024-05-12T15:21:11.194817+00:00' AIRFLOW_CTX_TRY_NUMBER='1' AIRFLOW_CTX_DAG_RUN_ID='manual__2024-05-12T15:21:11.194817+00:00'
[2024-05-12T15:21:26.129+0000] {taskinstance.py:430} INFO - ::endgroup::
[2024-05-12T15:21:26.147+0000] {sql.py:276} INFO - Executing: 
UPDATE dbt_dev.public.customer SET city = 'Bandung' WHERE cust_id = 005
[2024-05-12T15:21:26.161+0000] {base.py:84} INFO - Using connection ID 'snowflake_conn' for task execution.
[2024-05-12T15:21:26.172+0000] {base.py:84} INFO - Using connection ID 'snowflake_conn' for task execution.
[2024-05-12T15:21:26.173+0000] {connection.py:386} INFO - Snowflake Connector for Python Version: 3.7.1, Python Version: 3.12.2, Platform: Linux-5.15.146.1-microsoft-standard-WSL2-x86_64-with-glibc2.36
[2024-05-12T15:21:26.174+0000] {connection.py:1211} INFO - This connection is in OCSP Fail Open Mode. TLS Certificates would be checked for validity and revocation status. Any other Certificate Revocation related exceptions or OCSP Responder failures would be disregarded in favor of connectivity.
[2024-05-12T15:21:26.175+0000] {connection.py:1221} INFO - THIS CONNECTION IS IN INSECURE MODE. IT MEANS THE CERTIFICATE WILL BE VALIDATED BUT THE CERTIFICATE REVOCATION STATUS WILL NOT BE CHECKED.
[2024-05-12T15:21:29.113+0000] {ssl_wrap_socket.py:100} INFO - THIS CONNECTION IS IN INSECURE MODE. IT MEANS THE CERTIFICATE WILL BE VALIDATED BUT THE CERTIFICATE REVOCATION STATUS WILL NOT BE CHECKED.
[2024-05-12T15:21:29.227+0000] {cursor.py:1032} INFO - query: [ALTER SESSION SET autocommit=False]
[2024-05-12T15:21:29.299+0000] {cursor.py:1045} INFO - query execution done
[2024-05-12T15:21:29.300+0000] {cursor.py:1205} INFO - Number of results in first chunk: 1
[2024-05-12T15:21:29.301+0000] {sql.py:457} INFO - Running statement: UPDATE dbt_dev.public.customer SET city = 'Bandung' WHERE cust_id = 005, parameters: None
[2024-05-12T15:21:29.302+0000] {cursor.py:1032} INFO - query: [UPDATE dbt_dev.public.customer SET city = 'Bandung' WHERE cust_id = 005]
[2024-05-12T15:21:29.859+0000] {cursor.py:1045} INFO - query execution done
[2024-05-12T15:21:29.860+0000] {sql.py:466} INFO - Rows affected: 1
[2024-05-12T15:21:29.862+0000] {warnings.py:110} WARNING - /home/***/.local/lib/python3.12/site-packages/***/providers/snowflake/hooks/snowflake.py:393: AirflowProviderDeprecationWarning: Call to deprecated method _make_common_data_structure. (The `_make_serializable` method is deprecated and support will be removed in a future version of the common.sql provider. Please update the DbApiHook's provider to a version based on common.sql >= 1.9.1.)
  result = self._make_common_data_structure(handler(cur))  # type: ignore[attr-defined]

[2024-05-12T15:21:29.862+0000] {snowflake.py:402} INFO - Rows affected: 1
[2024-05-12T15:21:29.863+0000] {snowflake.py:403} INFO - Snowflake query id: 01b447f9-3201-1527-0008-9f1a00031056
[2024-05-12T15:21:29.863+0000] {cursor.py:1032} INFO - query: [COMMIT]
[2024-05-12T15:21:30.083+0000] {cursor.py:1045} INFO - query execution done
[2024-05-12T15:21:30.083+0000] {cursor.py:1205} INFO - Number of results in first chunk: 1
[2024-05-12T15:21:30.084+0000] {connection.py:734} INFO - closed
[2024-05-12T15:21:30.135+0000] {connection.py:740} INFO - No async queries seem to be running, deleting session
[2024-05-12T15:21:30.187+0000] {taskinstance.py:441} INFO - ::group::Post task execution logs
[2024-05-12T15:21:30.233+0000] {taskinstance.py:1205} INFO - Marking task as SUCCESS. dag_id=snowflake_crud_example, task_id=update_data_table, execution_date=20240512T152111, start_date=20240512T152125, end_date=20240512T152130
[2024-05-12T15:21:30.309+0000] {local_task_job_runner.py:240} INFO - Task exited with return code 0
[2024-05-12T15:21:30.336+0000] {taskinstance.py:3482} INFO - 0 downstream tasks scheduled from follow-on schedule check
[2024-05-12T15:21:30.377+0000] {local_task_job_runner.py:222} INFO - ::endgroup::
